Loading required package: permute

Attaching package: ‘igraph’

The following object is masked from ‘package:vegan’:

    diversity

The following object is masked from ‘package:permute’:

    permute

The following objects are masked from ‘package:stats’:

    decompose, spectrum

The following object is masked from ‘package:base’:

    union


‘network’ 1.19.0 (2024-12-08), part of the Statnet Project
* ‘news(package="network")’ for changes since last version
* ‘citation("network")’ for citation information
* ‘https://statnet.org’ for help, support, and other information


Attaching package: ‘network’

The following objects are masked from ‘package:igraph’:

    %c%, %s%, add.edges, add.vertices, delete.edges, delete.vertices,
    get.edge.attribute, get.edges, get.vertex.attribute, is.bipartite,
    is.directed, list.edge.attributes, list.vertex.attributes,
    set.edge.attribute, set.vertex.attribute

Warning message:
package ‘ggplot2’ was built under R version 4.4.3 
Beta4 thresholds (first 3 items):
      [,1]  [,2]  [,3]  [,4]
[1,]  0.99  0.83 -0.58 -1.06
[2,]  0.48  0.35 -1.13 -1.81
[3,] -0.64 -1.91 -2.25 -2.76

=== Data Summary ===
Y_bin:  150 x 10 (binary)
Y_con:  150 x 10 (continuous)
Y_cnt:  150 x 10 (count)
Y_ord1: 150 x 10 (ord, K=5)

Ordinal response table:
Y_ord1
   1    2    3    4    5 
1035  244  113   40   68 

True item cluster sizes: 12 12 8 8
null device 
          1 
[FMC init] PCA-eta sd per dim: 3.649, 3.547
[FMC init] k-means cluster sizes: 6 5 7 2 4 3 7 1 3 2

========== simulation_4_layered_v10 (n=150, P=10/10/10/10, K_true=4, K*=10, M_SM=5, row_center=FALSE, S0_scale=0.01) ==========
Running joint LSIRM+PPCA-FMC v10 [n=150, P_total=40 (10/10/10/10/0), r_fac=2, K_star=10, e0=0.1, kappa0=0.001, M_SM=5, row_center=FALSE]
[v10 joint] n=150 P1=10 P2=10 P3=10 P4=10 P5=0 P_total=40 K1=5 K2=0 nu2=4 r_fac=2 K_star=10 M_SM=5
[v10] Iter: 500 / 5000
[v10] Iter: 1000 / 5000
[v10] Iter: 1500 / 5000
[v10] Iter: 2000 / 5000
[v10] Iter: 2500 / 5000
[v10] Iter: 3000 / 5000
[v10] Iter: 3500 / 5000
[v10] Iter: 4000 / 5000
[v10] Iter: 4500 / 5000
[v10] Iter: 5000 / 5000
Performing Procrustes matching (LSIRM positions only; FMC parameters are
  invariant under orthogonal+translation alignment)...
[v10 split-merge] split: 845 / 5433 (0.156), merge: 780 / 17067 (0.046)

-- Acceptance --
  alpha1..4 mean : 0.619 / 0.563 / 0.623 / 0.600
  beta1..3 mean  : 0.602 / 0.552 / 0.598
  log_gamma1..4  : 1.000 / 1.000 / 1.000 / 1.000
  a / b1..4 mean : 0.573 / 0.575 / 0.329 / 0.585 / 0.579
  log_kappa per-item mean: 0.498

-- Split-merge --
  split: 845 / 5433  (rate 0.156)
  merge: 780 / 17067  (rate 0.046)
null device 
          1 
null device 
          1 
null device 
          1 
null device 
          1 
null device 
          1 
null device 
          1 
null device 
          1 
null device 
          1 
null device 
          1 
null device 
          1 

=== Distance recovery (correlation) ===
  All layers combined: 0.745
  L1 Binary:           0.764
  L2 Continuous:       0.766
  L3 Count:            0.753
  L4 Ordinal:          0.724
null device 
          1 
null device 
          1 
null device 
          1 
null device 
          1 
null device 
          1 
null device 
          1 
null device 
          1 
null device 
          1 

=== Clustering recovery ===
  median K_+ : 4   (true K = 4)
  ARI(final partition vs true): 0.807
  ARI(mode label   vs true):     0.656  (subject to label switching)

Cross-tab: final_partition vs true_item_cluster
               true_item_cluster
final_partition  1  2  3  4
              1 10  0  0  0
              2  1 12  0  0
              3  0  0  8  1
              4  1  0  0  7

Cross-tab: item_cluster_mode vs true_item_cluster
                 true_item_cluster
item_cluster_mode 1 2 3 4
                1 1 0 8 0
                2 1 9 0 0
                3 0 0 0 8
                4 0 1 0 0
                6 9 2 0 0
                7 1 0 0 0
null device 
          1 
null device 
          1 
null device 
          1 
null device 
          1 
Warning message:
In title(...) :
  for 'Biplot — items coloured by FMC partition (ARI=0.807)' in 'mbcsToSbcs': - substituted for — (U+2014)
null device 
          1 
Warning message:
In title(...) :
  for 'Biplot — items coloured by TRUE meta-cluster' in 'mbcsToSbcs': - substituted for — (U+2014)

=== FMC summary ===
  mean(K_+) = 4.54, median(K_+) = 4, sd(K_+) = 0.76
  ARI(partition vs true) = 0.807
  split rate = 0.156, merge rate = 0.046

-> v10 simulation plots & artifacts saved to: /Users/todoo/Desktop/학교/대학원/Research/joint_LSIRM/plot/simulation_4_layered_v10_rfac2_norowctr_S0_0.01

=== Done! ===
