Loading required package: permute

========== simulation_FMC_LSIR_v10  (n_rep = 1) ==========
  output dir : /Users/todoo/Desktop/학교/대학원/Research/joint_LSIRM/simulation_FMC_LSIRM_v10
  n=150, P=30/30/30/30 (total 120), K_true=4, K*=10, r_fac=2
  MCMC: n_iter=30000, burnin=10000, thin=10  (per fit; 2 fits per rep)

---- replication 1 / 1 ----
  [rep 1] fitting multilayer ...
Running joint LSIRM+PPCA-FMC v10 [n=150, P_total=120 (30/30/30/30/0), r_fac=2, K_star=10, e0=0.1, kappa0=0.001, M_SM=5, row_center=FALSE]
Performing Procrustes matching (external target supplied; LSIRM positions only -- FMC parameters
  are invariant under orthogonal+translation alignment)...
  iterative-mean pass 1/3, target shift RMSE = (initial)
  iterative-mean pass 2/3, target shift RMSE = 0.1236
  iterative-mean pass 3/3, target shift RMSE = 0.0000
  external re-anchor: post-mean RMSE 1.348 -> 0.334
[v10 split-merge] split: 3283 / 29057 (0.113), merge: 2853 / 108443 (0.026)
  [rep 1] fitting unilayer (dichotomized) ...
Running joint LSIRM+PPCA-FMC v10 [n=150, P_total=120 (120/0/0/0/0), r_fac=2, K_star=10, e0=0.1, kappa0=0.001, M_SM=5, row_center=FALSE]
Performing Procrustes matching (external target supplied; LSIRM positions only -- FMC parameters
  are invariant under orthogonal+translation alignment)...
  iterative-mean pass 1/3, target shift RMSE = (initial)
  iterative-mean pass 2/3, target shift RMSE = 0.1501
  iterative-mean pass 3/3, target shift RMSE = 0.0000
  external re-anchor: post-mean RMSE 1.588 -> 0.942
[v10 split-merge] split: 5776 / 45190 (0.128), merge: 5336 / 92310 (0.058)
  [rep 1] DICE: multi=0.755  uni=0.474   ARI: multi=0.675  uni=0.287

Total wall time: 10.23 min

========== summary (mean across reps) ==========
        model             param n_param_mean n_param_sd n_covered_mean
1    unilayer             alpha          150         NA            123
2  multilayer            alpha1          150         NA            146
3  multilayer            alpha2          150         NA            144
4  multilayer            alpha3          150         NA            140
5  multilayer            alpha4          150         NA            146
6    unilayer              beta           90         NA             56
7    unilayer      beta_seg_bin           30         NA             23
8    unilayer beta_seg_cnt_dich           30         NA             29
9    unilayer beta_seg_con_dich           30         NA              4
10 multilayer             beta1           30         NA             30
11 multilayer             beta2           30         NA             30
12 multilayer             beta3           30         NA             28
13 multilayer     beta4_grm_thr          120         NA            111
14   unilayer          dist_all        18000         NA          14330
15 multilayer          dist_bin         4500         NA           4374
16 multilayer          dist_cnt         4500         NA           4286
17 multilayer          dist_con         4500         NA           4324
18 multilayer          dist_ord         4500         NA           4310
19 multilayer            gamma1            1         NA              1
20   unilayer            gamma1            1         NA              0
21 multilayer            gamma2            1         NA              1
22 multilayer            gamma3            1         NA              1
23 multilayer            gamma4            1         NA              0
24 multilayer         sigma0_sq            1         NA              0
   n_covered_sd  pct_mean pct_sd mean_width_mean mean_width_sd sum_width_mean
1            NA  82.00000     NA       1.2998730            NA   1.949810e+02
2            NA  97.33333     NA       2.0545571            NA   3.081836e+02
3            NA  96.00000     NA       1.1985703            NA   1.797855e+02
4            NA  93.33333     NA       1.7906882            NA   2.686032e+02
5            NA  97.33333     NA       1.6863699            NA   2.529555e+02
6            NA  62.22222     NA       1.5016409            NA   1.351477e+02
7            NA  76.66667     NA       1.5492394            NA   4.647718e+01
8            NA  96.66667     NA       1.3221305            NA   3.966391e+01
9            NA  13.33333     NA       1.6335528            NA   4.900658e+01
10           NA 100.00000     NA       1.7002868            NA   5.100860e+01
11           NA 100.00000     NA       1.0876001            NA   3.262800e+01
12           NA  93.33333     NA       1.3096145            NA   3.928843e+01
13           NA  92.50000     NA       1.7104630            NA   2.052556e+02
14           NA  79.61111     NA       2.3901984            NA   4.302357e+04
15           NA  97.20000     NA       2.2592981            NA   1.016684e+04
16           NA  95.24444     NA       1.8468093            NA   8.310642e+03
17           NA  96.08889     NA       1.6682264            NA   7.507019e+03
18           NA  95.77778     NA       2.1386297            NA   9.623834e+03
19           NA 100.00000     NA       0.3224851            NA   3.224851e-01
20           NA   0.00000     NA       0.1741787            NA   1.741787e-01
21           NA 100.00000     NA       0.1995572            NA   1.995572e-01
22           NA 100.00000     NA       0.2780237            NA   2.780237e-01
23           NA   0.00000     NA       0.2778966            NA   2.778966e-01
24           NA   0.00000     NA       0.1022351            NA   1.022351e-01
   sum_width_sd
1            NA
2            NA
3            NA
4            NA
5            NA
6            NA
7            NA
8            NA
9            NA
10           NA
11           NA
12           NA
13           NA
14           NA
15           NA
16           NA
17           NA
18           NA
19           NA
20           NA
21           NA
22           NA
23           NA
24           NA

========== cluster recovery summary ==========
       model dice_mean dice_sd  ari_mean ari_sd K_median_mean split_rate_mean
1 multilayer 0.7547816      NA 0.6750753     NA             5       0.1129848
2   unilayer 0.4737543      NA 0.2873330     NA             4       0.1278159

Artifacts written to: /Users/todoo/Desktop/학교/대학원/Research/joint_LSIRM/simulation_FMC_LSIRM_v10
  - coverage_per_rep_v10.csv
  - coverage_summary_v10.csv
  - cluster_dice_v10.csv
  - cluster_dice_summary_v10.csv
  - sim_settings_v10.rds
