Loading required package: permute

========== simulation_FMC_LSIR_v10  (n_rep = 1) ==========
  output dir : /Users/todoo/Desktop/학교/대학원/Research/joint_LSIRM/simulation_FMC_LSIRM_v10
  n=150, P=30/30/30/30 (total 120), K_true=4, K*=10, r_fac=2
  MCMC: n_iter=30000, burnin=10000, thin=10  (per fit; 2 fits per rep)

---- replication 1 / 1 ----
  [rep 1] fitting multilayer ...
Running joint LSIRM+PPCA-FMC v10 [n=150, P_total=120 (30/30/30/30/0), r_fac=2, K_star=10, e0=0.1, kappa0=0.001, M_SM=5, row_center=FALSE]
Performing Procrustes matching (external target supplied; LSIRM positions only -- FMC parameters
  are invariant under orthogonal+translation alignment)...
  iterative-mean pass 1/3, target shift RMSE = (initial)
  iterative-mean pass 2/3, target shift RMSE = 0.1236
  iterative-mean pass 3/3, target shift RMSE = 0.0000
  external re-anchor: post-mean RMSE 1.348 -> 0.334
[v10 split-merge] split: 3283 / 29057 (0.113), merge: 2853 / 108443 (0.026)
  [rep 1] fitting unilayer (dichotomized) ...
Running joint LSIRM+PPCA-FMC v10 [n=150, P_total=120 (120/0/0/0/0), r_fac=2, K_star=10, e0=0.1, kappa0=0.001, M_SM=5, row_center=FALSE]
Performing Procrustes matching (external target supplied; LSIRM positions only -- FMC parameters
  are invariant under orthogonal+translation alignment)...
  iterative-mean pass 1/3, target shift RMSE = (initial)
  iterative-mean pass 2/3, target shift RMSE = 0.3109
  iterative-mean pass 3/3, target shift RMSE = 0.0000
  external re-anchor: post-mean RMSE 1.592 -> 0.948
[v10 split-merge] split: 5793 / 44228 (0.131), merge: 5378 / 93272 (0.058)
  [rep 1] DICE: multi=0.755  uni=0.407   ARI: multi=0.675  uni=0.201

Total wall time: 9.40 min

========== summary (mean across reps) ==========
        model         param n_param_mean n_param_sd n_covered_mean n_covered_sd
1    unilayer         alpha          150         NA            123           NA
2  multilayer        alpha1          150         NA            146           NA
3  multilayer        alpha2          150         NA            144           NA
4  multilayer        alpha3          150         NA            140           NA
5  multilayer        alpha4          150         NA            146           NA
6    unilayer          beta           90         NA             54           NA
7  multilayer         beta1           30         NA             30           NA
8  multilayer         beta2           30         NA             30           NA
9  multilayer         beta3           30         NA             28           NA
10 multilayer beta4_grm_thr          120         NA            111           NA
11   unilayer      dist_all        18000         NA          14300           NA
12 multilayer      dist_bin         4500         NA           4374           NA
13 multilayer      dist_cnt         4500         NA           4286           NA
14 multilayer      dist_con         4500         NA           4324           NA
15 multilayer      dist_ord         4500         NA           4310           NA
16 multilayer        gamma1            1         NA              1           NA
17   unilayer        gamma1            1         NA              1           NA
18 multilayer        gamma2            1         NA              1           NA
19 multilayer        gamma3            1         NA              1           NA
20 multilayer        gamma4            1         NA              0           NA
21 multilayer     sigma0_sq            1         NA              0           NA
    pct_mean pct_sd mean_width_mean mean_width_sd sum_width_mean sum_width_sd
1   82.00000     NA       1.2960975            NA   1.944146e+02           NA
2   97.33333     NA       2.0545571            NA   3.081836e+02           NA
3   96.00000     NA       1.1985703            NA   1.797855e+02           NA
4   93.33333     NA       1.7906882            NA   2.686032e+02           NA
5   97.33333     NA       1.6863699            NA   2.529555e+02           NA
6   60.00000     NA       1.4963858            NA   1.346747e+02           NA
7  100.00000     NA       1.7002868            NA   5.100860e+01           NA
8  100.00000     NA       1.0876001            NA   3.262800e+01           NA
9   93.33333     NA       1.3096145            NA   3.928843e+01           NA
10  92.50000     NA       1.7104630            NA   2.052556e+02           NA
11  79.44444     NA       2.3782562            NA   4.280861e+04           NA
12  97.20000     NA       2.2592981            NA   1.016684e+04           NA
13  95.24444     NA       1.8468093            NA   8.310642e+03           NA
14  96.08889     NA       1.6682264            NA   7.507019e+03           NA
15  95.77778     NA       2.1386297            NA   9.623834e+03           NA
16 100.00000     NA       0.3224851            NA   3.224851e-01           NA
17 100.00000     NA       0.2189266            NA   2.189266e-01           NA
18 100.00000     NA       0.1995572            NA   1.995572e-01           NA
19 100.00000     NA       0.2780237            NA   2.780237e-01           NA
20   0.00000     NA       0.2778966            NA   2.778966e-01           NA
21   0.00000     NA       0.1022351            NA   1.022351e-01           NA

========== cluster recovery summary ==========
       model dice_mean dice_sd  ari_mean ari_sd K_median_mean split_rate_mean
1 multilayer 0.7547816      NA 0.6750753     NA             5       0.1129848
2   unilayer 0.4067154      NA 0.2005570     NA             4       0.1309804

Artifacts written to: /Users/todoo/Desktop/학교/대학원/Research/joint_LSIRM/simulation_FMC_LSIRM_v10
  - coverage_per_rep_v10.csv
  - coverage_summary_v10.csv
  - cluster_dice_v10.csv
  - cluster_dice_summary_v10.csv
  - sim_settings_v10.rds
