
Attaching package: ‘dplyr’

The following objects are masked from ‘package:stats’:

    filter, lag

The following objects are masked from ‘package:base’:

    intersect, setdiff, setequal, union


====== Wave 2 preprocess ======

=== Survey (04652 / M2P1) selected ===
dim: 4963 7 


=== Biomarker (29282 / M2P4) selected ===
dim: 1255 54 


=== Cognitive (25281 / M2P3) selected ===
dim: 4512 16 


=== Biomarker 변환 후 class 확인 ===
'data.frame':	1255 obs. of  54 variables:
 $ M2ID    : num  10002 10005 10019 10040 10047 ...
 $ B4Q1D   : int  1 1 1 1 3 1 1 3 2 3 ...
 $ B4Q1H   : int  2 1 2 1 1 1 1 1 1 2 ...
 $ B4Q1K   : int  1 1 1 1 2 1 1 1 2 3 ...
 $ B4Q1N   : int  2 1 1 1 2 1 1 2 3 3 ...
 $ B4Q1P   : int  1 1 1 1 2 1 1 1 1 2 ...
 $ B4Q1T   : int  2 1 4 1 1 1 1 1 1 2 ...
 $ B4Q1Z   : int  1 1 1 2 1 2 1 1 1 3 ...
 $ B4Q1FF  : int  2 1 1 1 1 2 1 1 2 2 ...
 $ B4Q1II  : int  1 1 2 1 1 1 1 1 1 3 ...
 $ B4Q1CCC : int  1 1 1 2 1 2 1 1 2 3 ...
 $ B4Q1GGG : int  2 1 2 1 1 1 2 1 2 4 ...
 $ B4Q1B   : int  1 1 1 1 1 1 1 1 2 3 ...
 $ B4Q1F   : int  1 2 1 1 1 1 2 1 1 2 ...
 $ B4Q1M   : int  1 1 1 1 1 2 2 1 3 1 ...
 $ B4Q1Q   : int  3 1 1 1 1 1 1 1 1 3 ...
 $ B4Q1S   : int  1 1 1 1 2 1 1 1 4 4 ...
 $ B4Q1X   : int  1 1 1 1 1 1 1 1 1 3 ...
 $ B4Q1BB  : int  1 2 1 1 1 1 1 1 1 3 ...
 $ B4Q1DD  : int  1 1 1 1 1 1 1 1 1 1 ...
 $ B4Q1KK  : int  3 1 1 1 1 1 2 1 1 1 ...
 $ B4Q1NN  : int  1 1 1 1 1 1 1 1 1 2 ...
 $ B4Q1PP  : int  1 1 1 1 1 1 1 1 1 1 ...
 $ B4Q1RR  : int  1 1 1 1 1 1 1 1 1 1 ...
 $ B4Q1TT  : int  2 1 1 1 1 2 1 1 2 3 ...
 $ B4Q1VV  : int  1 1 1 1 1 1 1 1 4 2 ...
 $ B4Q1ZZ  : int  1 1 1 1 2 1 1 1 1 3 ...
 $ B4Q1BBB : int  3 1 1 1 1 1 2 1 1 1 ...
 $ B4Q1JJJ : int  2 1 1 1 1 2 3 2 1 1 ...
 $ B4Q3A   : int  0 0 1 0 0 0 0 0 1 1 ...
 $ B4Q3B   : int  0 0 0 0 0 0 0 0 1 0 ...
 $ B4Q3C   : int  1 0 0 0 0 0 0 0 1 1 ...
 $ B4Q3D   : int  0 0 0 0 0 0 1 0 1 1 ...
 $ B4Q3E   : int  0 0 1 0 0 1 0 0 1 1 ...
 $ B4Q3F   : int  0 0 0 0 0 0 0 0 1 1 ...
 $ B4Q3G   : int  1 0 0 0 0 0 1 0 0 1 ...
 $ B4Q3H   : int  1 0 0 1 0 0 0 0 1 1 ...
 $ B4Q3I   : int  0 0 0 0 0 0 0 0 0 1 ...
 $ B4Q3J   : int  0 0 0 0 1 0 0 0 1 1 ...
 $ B4Q3K   : int  0 0 0 0 0 1 1 1 1 1 ...
 $ B4Q3L   : int  1 0 0 1 1 0 0 1 1 1 ...
 $ B4Q3M   : int  1 0 0 0 1 0 1 0 0 1 ...
 $ B4Q3N   : int  1 0 1 0 0 0 0 0 1 1 ...
 $ B4Q3O   : int  0 0 0 0 1 0 0 0 0 1 ...
 $ B4Q3P   : int  1 0 0 0 1 0 0 0 1 1 ...
 $ B4Q3Q   : int  1 0 0 0 0 0 0 0 1 0 ...
 $ B4Q3R   : int  1 0 1 0 1 0 0 0 1 1 ...
 $ B4Q3S   : int  0 0 1 0 0 0 0 0 0 1 ...
 $ B4Q3T   : int  1 0 1 0 0 0 1 0 1 1 ...
 $ B4BSCL14: num  26.13 8.32 12.33 10.91 13.96 ...
 $ B4BNE12 : num  19.4 18.6 13.9 21.9 18 ...
 $ B4BIL6  : num  2.57 3.65 3.35 0.87 3.39 1.16 5.42 1.43 3.62 6.95 ...
 $ B4BFGN  : num  362 451 267 293 395 346 736 240 489 435 ...
 $ B4BCRP  : num  0.41 2.64 1.02 0.35 6.09 0.84 31.6 0.29 8.54 5.79 ...

=== Cognitive 변환 후 summary (new count vars) ===

[wl_immediate_omit]
   Min. 1st Qu.  Median    Mean 3rd Qu.    Max.    NA's 
  0.000   7.000   8.000   8.318  10.000  15.000      19 

[wl_immediate_repetition]
   Min. 1st Qu.  Median    Mean 3rd Qu.    Max.    NA's 
 0.0000  0.0000  0.0000  0.2566  0.0000 14.0000      19 

[wl_immediate_intrusion]
   Min. 1st Qu.  Median    Mean 3rd Qu.    Max.    NA's 
 0.0000  0.0000  0.0000  0.4661  1.0000  7.0000      19 

[wl_delayed_omit]
   Min. 1st Qu.  Median    Mean 3rd Qu.    Max.    NA's 
   1.00    9.00   11.00   10.64   12.00   15.00     236 

[wl_delayed_repetition]
   Min. 1st Qu.  Median    Mean 3rd Qu.    Max.    NA's 
 0.0000  0.0000  0.0000  0.1006  0.0000 16.0000     236 

[wl_delayed_intrusion]
   Min. 1st Qu.  Median    Mean 3rd Qu.    Max.    NA's 
 0.0000  0.0000  0.0000  0.9048  1.0000 26.0000     236 

[catflu_repetition]
   Min. 1st Qu.  Median    Mean 3rd Qu.    Max.    NA's 
 0.0000  0.0000  0.0000  0.3284  0.0000  8.0000      14 

[catflu_intrusion]
    Min.  1st Qu.   Median     Mean  3rd Qu.     Max.     NA's 
 0.00000  0.00000  0.00000  0.05158  0.00000 16.00000       14 

[numseries_incorrect]
   Min. 1st Qu.  Median    Mean 3rd Qu.    Max.    NA's 
  0.000   2.000   3.000   2.824   4.000   5.000      45 

[backcount_error]
   Min. 1st Qu.  Median    Mean 3rd Qu.    Max.    NA's 
 0.0000  0.0000  0.0000  0.8725  1.0000 90.0000      33 

[sgst_normal_incorrect]
   Min. 1st Qu.  Median    Mean 3rd Qu.    Max.    NA's 
 0.0000  0.0000  0.0000  0.2947  0.0000 20.0000     212 

[sgst_reverse_incorrect]
   Min. 1st Qu.  Median    Mean 3rd Qu.    Max.    NA's 
 0.0000  0.0000  0.0000  0.6926  1.0000 20.0000     208 

[sgst_mixed_nonswitch_incorrect]
   Min. 1st Qu.  Median    Mean 3rd Qu.    Max.    NA's 
  0.000   0.000   0.000   1.006   1.000  23.000     207 

[sgst_mixed_switch_incorrect]
   Min. 1st Qu.  Median    Mean 3rd Qu.    Max.    NA's 
 0.0000  0.0000  0.0000  0.3401  0.0000  6.0000     207 

[sgst_mixed_all_incorrect]
   Min. 1st Qu.  Median    Mean 3rd Qu.    Max.    NA's 
  0.000   0.000   0.000   1.346   1.000  29.000     207 

=== Screening 결과 ===
전체: 4963 
screen_case
   0    1 <NA> 
3764  687  512 

=== df_p4_pheno ===
dim: 1255 54 

=== df_p3_pheno ===
dim: 4512 16 

=== 분석용 데이터셋 크기 ===
df_analysis_p4  (P1×P4):       1054 명 × 65 변수
df_analysis_p3  (P1×P3):       4206 명 × 27 변수
df_analysis_all (P1×P3×P4):    1016 명 × 80 변수

=== P1-P4: screen_case==1 → 154명 ===
  변수별 NA (제거 전):
   B4Q3A    B4Q3B    B4Q3C    B4Q3D    B4Q3E    B4Q3F    B4Q3G    B4Q3H 
       2        2        3        3        3        4        2        3 
   B4Q3I    B4Q3J    B4Q3K    B4Q3L    B4Q3M    B4Q3N    B4Q3O    B4Q3P 
       3        3        3        3        3        2        2        2 
   B4Q3Q    B4Q3R    B4Q3S    B4Q3T    B4Q1N   B4Q1FF   B4Q1RR B4BSCL14 
       3        2        2        2        1        1        1       10 
 B4BNE12   B4BIL6   B4BFGN   B4BCRP 
       4        1        2        2 
  NA 없는 complete case: 135 / 154명
  → NA 제거 후: 135명 (제거 19명)
  Y_bin: 135×20 | Y_cnt: 135×0 | Y_ord1: 135×28 (K1=5) | Y_ord2: 135×0 (K2=–) | Y_con: 135×5

=== P1-P3: screen_case==1 → 560명 ===
  변수별 NA (제거 전):
             wl_immediate_omit        wl_immediate_repetition 
                             5                              5 
        wl_immediate_intrusion                wl_delayed_omit 
                             5                             21 
         wl_delayed_repetition           wl_delayed_intrusion 
                            21                             21 
             catflu_repetition               catflu_intrusion 
                             2                              2 
           numseries_incorrect                backcount_error 
                             8                              6 
         sgst_normal_incorrect         sgst_reverse_incorrect 
                            27                             27 
sgst_mixed_nonswitch_incorrect    sgst_mixed_switch_incorrect 
                            27                             27 
      sgst_mixed_all_incorrect 
                            27 
  NA 없는 complete case: 517 / 560명
  → NA 제거 후: 517명 (제거 43명)
  Y_bin: 517×0 | Y_cnt: 517×15 | Y_ord1: 517×0 (K1=–) | Y_ord2: 517×0 (K2=–) | Y_con: 517×0

=== P1-P3-P4: screen_case==1 → 148명 ===
  변수별 NA (제거 전):
                         B4Q3A                          B4Q3B 
                             2                              2 
                         B4Q3C                          B4Q3D 
                             3                              3 
                         B4Q3E                          B4Q3F 
                             3                              4 
                         B4Q3G                          B4Q3H 
                             2                              3 
                         B4Q3I                          B4Q3J 
                             3                              3 
                         B4Q3K                          B4Q3L 
                             3                              3 
                         B4Q3M                          B4Q3N 
                             3                              2 
                         B4Q3O                          B4Q3P 
                             2                              2 
                         B4Q3Q                          B4Q3R 
                             3                              2 
                         B4Q3S                          B4Q3T 
                             2                              2 
             wl_immediate_omit        wl_immediate_repetition 
                             1                              1 
        wl_immediate_intrusion                wl_delayed_omit 
                             1                              2 
         wl_delayed_repetition           wl_delayed_intrusion 
                             2                              2 
           numseries_incorrect          sgst_normal_incorrect 
                             1                              5 
        sgst_reverse_incorrect sgst_mixed_nonswitch_incorrect 
                             5                              5 
   sgst_mixed_switch_incorrect       sgst_mixed_all_incorrect 
                             5                              5 
                         B4Q1N                         B4Q1FF 
                             1                              1 
                        B4Q1RR                       B4BSCL14 
                             1                             10 
                       B4BNE12                         B4BIL6 
                             4                              1 
                        B4BFGN                         B4BCRP 
                             2                              2 
  NA 없는 complete case: 125 / 148명
  → NA 제거 후: 125명 (제거 23명)
  Y_bin: 125×20 | Y_cnt: 125×15 | Y_ord1: 125×28 (K1=5) | Y_ord2: 125×0 (K2=–) | Y_con: 125×5

====== Refresher 1 preprocess ======

=== Survey (36532) selected ===
dim: 3577 7 


=== Biomarker (36901) selected ===
dim: 863 54 


=== Cognitive (37081) selected ===
dim: 2763 16 


=== Biomarker 변환 후 class 확인 ===
'data.frame':	863 obs. of  54 variables:
 $ MRID     : num  30024 30052 30059 30092 30104 ...
 $ RA4Q1D   : int  2 1 1 1 1 1 1 1 1 2 ...
 $ RA4Q1H   : int  1 2 3 2 2 1 1 2 1 3 ...
 $ RA4Q1K   : int  1 3 2 2 2 1 1 1 1 2 ...
 $ RA4Q1N   : int  2 2 2 1 1 2 1 1 1 2 ...
 $ RA4Q1P   : int  3 1 1 1 1 1 1 1 1 1 ...
 $ RA4Q1T   : int  2 1 2 2 3 1 1 1 1 3 ...
 $ RA4Q1Z   : int  2 2 2 1 1 3 1 2 1 1 ...
 $ RA4Q1FF  : int  3 1 2 2 1 1 1 1 1 2 ...
 $ RA4Q1II  : int  1 1 1 1 1 2 1 1 1 4 ...
 $ RA4Q1CCC : int  2 1 1 2 1 1 1 1 1 1 ...
 $ RA4Q1GGG : int  2 1 1 4 2 1 1 1 1 2 ...
 $ RA4Q1B   : int  1 1 1 1 1 1 2 2 1 3 ...
 $ RA4Q1F   : int  1 1 2 1 1 1 1 1 1 1 ...
 $ RA4Q1M   : int  1 1 1 2 1 1 1 1 1 3 ...
 $ RA4Q1Q   : int  1 1 1 1 1 1 1 1 1 1 ...
 $ RA4Q1S   : int  1 1 3 1 1 1 3 1 1 4 ...
 $ RA4Q1X   : int  1 1 1 1 1 1 2 1 1 1 ...
 $ RA4Q1BB  : int  1 1 1 1 1 1 1 1 1 1 ...
 $ RA4Q1DD  : int  1 1 1 1 1 2 1 1 1 1 ...
 $ RA4Q1KK  : int  4 1 1 1 1 1 1 1 1 1 ...
 $ RA4Q1NN  : int  1 1 1 1 1 1 1 1 1 1 ...
 $ RA4Q1PP  : int  1 1 1 1 1 2 1 1 1 1 ...
 $ RA4Q1RR  : int  1 1 1 1 1 1 1 1 1 1 ...
 $ RA4Q1TT  : int  1 1 1 3 2 1 2 1 1 1 ...
 $ RA4Q1VV  : int  1 1 1 1 1 1 1 1 1 3 ...
 $ RA4Q1ZZ  : int  1 1 1 1 1 3 1 1 1 1 ...
 $ RA4Q1BBB : int  1 1 1 3 1 2 1 1 1 2 ...
 $ RA4Q1JJJ : int  2 1 1 2 3 2 2 1 1 3 ...
 $ RA4Q3A   : int  0 0 0 1 0 0 1 0 0 1 ...
 $ RA4Q3B   : int  0 0 0 0 0 0 1 0 0 0 ...
 $ RA4Q3C   : int  0 0 0 0 0 0 0 0 0 1 ...
 $ RA4Q3D   : int  1 0 0 0 0 0 0 0 0 1 ...
 $ RA4Q3E   : int  0 0 0 1 0 0 1 1 0 1 ...
 $ RA4Q3F   : int  1 0 0 0 1 0 0 0 0 1 ...
 $ RA4Q3G   : int  1 0 1 1 0 0 1 0 0 1 ...
 $ RA4Q3H   : int  1 1 0 1 0 0 1 0 0 1 ...
 $ RA4Q3I   : int  0 0 0 0 0 0 0 0 0 1 ...
 $ RA4Q3J   : int  0 0 0 0 0 0 0 0 0 1 ...
 $ RA4Q3K   : int  1 1 1 1 1 1 0 0 0 1 ...
 $ RA4Q3L   : int  1 0 0 1 1 0 0 0 0 0 ...
 $ RA4Q3M   : int  1 0 0 1 0 0 1 1 0 1 ...
 $ RA4Q3N   : int  0 0 0 1 0 0 1 0 0 1 ...
 $ RA4Q3O   : int  1 0 0 1 0 0 0 0 0 1 ...
 $ RA4Q3P   : int  1 0 0 1 0 0 0 0 0 0 ...
 $ RA4Q3Q   : int  0 0 0 1 0 0 0 0 0 0 ...
 $ RA4Q3R   : int  0 0 0 1 0 0 0 0 0 1 ...
 $ RA4Q3S   : int  0 0 0 1 0 0 1 0 0 1 ...
 $ RA4Q3T   : int  0 0 0 1 0 0 0 0 0 1 ...
 $ RA4BSCLAV: num  23.2 25.9 12.9 20.3 31.4 ...
 $ RA4BNE12 : num  28.9 14.4 26.7 21.3 43.6 ...
 $ RA4BIL6  : num  3.84 1.35 2.29 8.89 4.33 ...
 $ RA4BFGN  : num  259 365 366 330 241 440 343 326 324 419 ...
 $ RA4BCRP  : num  1.29 1.27 3.83 6.03 1.15 4.79 0.9 0.55 1.84 7.42 ...

=== Cognitive 변환 후 summary (new count vars) ===

[wl_immediate_omit]
   Min. 1st Qu.  Median    Mean 3rd Qu.    Max.    NA's 
  0.000   7.000   8.000   7.869   9.000  15.000       9 

[wl_immediate_repetition]
   Min. 1st Qu.  Median    Mean 3rd Qu.    Max.    NA's 
 0.0000  0.0000  0.0000  0.3199  0.0000 10.0000       9 

[wl_immediate_intrusion]
   Min. 1st Qu.  Median    Mean 3rd Qu.    Max.    NA's 
 0.0000  0.0000  0.0000  0.5251  1.0000  9.0000       9 

[wl_delayed_omit]
   Min. 1st Qu.  Median    Mean 3rd Qu.    Max.    NA's 
   0.00    9.00   11.00   10.26   12.00   15.00     153 

[wl_delayed_repetition]
   Min. 1st Qu.  Median    Mean 3rd Qu.    Max.    NA's 
 0.0000  0.0000  0.0000  0.1115  0.0000 12.0000     153 

[wl_delayed_intrusion]
   Min. 1st Qu.  Median    Mean 3rd Qu.    Max.    NA's 
  0.000   0.000   1.000   1.051   1.000  15.000     153 

[catflu_repetition]
   Min. 1st Qu.  Median    Mean 3rd Qu.    Max.    NA's 
  0.000   0.000   0.000   0.459   1.000   8.000      18 

[catflu_intrusion]
    Min.  1st Qu.   Median     Mean  3rd Qu.     Max.     NA's 
 0.00000  0.00000  0.00000  0.06703  0.00000 16.00000       18 

[numseries_incorrect]
   Min. 1st Qu.  Median    Mean 3rd Qu.    Max.    NA's 
  0.000   1.000   3.000   2.535   4.000   5.000      72 

[backcount_error]
   Min. 1st Qu.  Median    Mean 3rd Qu.    Max.    NA's 
 0.0000  0.0000  0.0000  0.9771  1.0000 90.0000      51 

[sgst_normal_incorrect]
   Min. 1st Qu.  Median    Mean 3rd Qu.    Max.    NA's 
 0.0000  0.0000  0.0000  0.7556  0.0000 20.0000       1 

[sgst_reverse_incorrect]
   Min. 1st Qu.  Median    Mean 3rd Qu.    Max.    NA's 
  0.000   0.000   0.000   1.403   1.000  20.000       1 

[sgst_mixed_nonswitch_incorrect]
   Min. 1st Qu.  Median    Mean 3rd Qu.    Max.    NA's 
  0.000   0.000   0.000   1.966   1.000  23.000       1 

[sgst_mixed_switch_incorrect]
   Min. 1st Qu.  Median    Mean 3rd Qu.    Max.    NA's 
 0.0000  0.0000  0.0000  0.6217  1.0000  6.0000       1 

[sgst_mixed_all_incorrect]
   Min. 1st Qu.  Median    Mean 3rd Qu.    Max.    NA's 
  0.000   0.000   1.000   2.588   2.000  29.000       1 

=== Screening 결과 ===
전체: 3577 
screen_case
   0    1 <NA> 
2617  606  354 

=== df_p4_pheno ===
dim: 863 54 

=== df_p3_pheno ===
dim: 2763 16 

=== 분석용 데이터셋 크기 ===
df_analysis_p4  (Survey×Bio):       746 명 × 65 변수
df_analysis_p3  (Survey×Cog):       2550 명 × 27 변수
df_analysis_all (Survey×Cog×Bio):   713 명 × 80 변수

=== Survey-Bio: screen_case==1 → 123명 ===
  변수별 NA (제거 전):
   RA4Q1D    RA4Q1Z RA4BSCLAV  RA4BNE12   RA4BIL6   RA4BFGN   RA4BCRP 
        1         1         6         3         2         2         2 
  NA 없는 complete case: 110 / 123명
  → NA 제거 후: 110명 (제거 13명)
  Y_bin: 110×20 | Y_cnt: 110×0 | Y_ord1: 110×28 (K1=5) | Y_ord2: 110×0 (K2=–) | Y_con: 110×5

=== Survey-Cog: screen_case==1 → 424명 ===
  변수별 NA (제거 전):
      wl_immediate_omit wl_immediate_repetition  wl_immediate_intrusion 
                      2                       2                       2 
        wl_delayed_omit   wl_delayed_repetition    wl_delayed_intrusion 
                     25                      25                      25 
      catflu_repetition        catflu_intrusion     numseries_incorrect 
                      2                       2                      14 
        backcount_error 
                      9 
  NA 없는 complete case: 393 / 424명
  → NA 제거 후: 393명 (제거 31명)
  Y_bin: 393×0 | Y_cnt: 393×15 | Y_ord1: 393×0 (K1=–) | Y_ord2: 393×0 (K2=–) | Y_con: 393×0

=== Survey-Cog-Bio: screen_case==1 → 113명 ===
  변수별 NA (제거 전):
      wl_delayed_omit wl_delayed_repetition  wl_delayed_intrusion 
                    7                     7                     7 
  numseries_incorrect       backcount_error                RA4Q1D 
                    1                     1                     1 
               RA4Q1Z             RA4BSCLAV              RA4BNE12 
                    1                     6                     3 
              RA4BIL6               RA4BFGN               RA4BCRP 
                    2                     2                     2 
  NA 없는 complete case: 96 / 113명
  → NA 제거 후: 96명 (제거 17명)
  Y_bin: 96×20 | Y_cnt: 96×15 | Y_ord1: 96×28 (K1=5) | Y_ord2: 96×0 (K2=–) | Y_con: 96×5
Loading required package: permute

Attaching package: ‘igraph’

The following object is masked from ‘package:vegan’:

    diversity

The following object is masked from ‘package:permute’:

    permute

The following objects are masked from ‘package:purrr’:

    compose, simplify

The following objects are masked from ‘package:dplyr’:

    as_data_frame, groups, union

The following objects are masked from ‘package:stats’:

    decompose, spectrum

The following object is masked from ‘package:base’:

    union


‘network’ 1.19.0 (2024-12-08), part of the Statnet Project
* ‘news(package="network")’ for changes since last version
* ‘citation("network")’ for citation information
* ‘https://statnet.org’ for help, support, and other information


Attaching package: ‘network’

The following objects are masked from ‘package:igraph’:

    %c%, %s%, add.edges, add.vertices, delete.edges, delete.vertices,
    get.edge.attribute, get.edges, get.vertex.attribute, is.bipartite,
    is.directed, list.edge.attributes, list.vertex.attributes,
    set.edge.attribute, set.vertex.attribute


Attaching package: ‘MASS’

The following object is masked from ‘package:dplyr’:

    select

Warning message:
package ‘ggplot2’ was built under R version 4.4.3 
[FMC init] PCA-eta scale: sd per dim = 4.072, 3.546, 2.841, 2.735, 2.655
[FMC init] kmeans cluster sizes: 3 10 5 8 10 8 4 8 4 8

========== Case 1: All (bin+con+cnt+ord) [v10_fmc_r5_K10_e0.05_S0_0.005_nu30_M5] ==========
  Y_bin: 221×20 | Y_con: 221×5 | Y_cnt: 221×15 | Y_ord1: 221×28 | Y_ord2: 221×0
Running joint LSIRM+PPCA-FMC v10 [n=221, P_total=68 (20/5/15/28/0), r_fac=5, K_star=10, e0=0.05, kappa0=0.001, M_SM=5, row_center=TRUE]
[v10 joint] n=221 P1=20 P2=5 P3=15 P4=28 P5=0 P_total=68 K1=5 K2=0 nu2=4 r_fac=5 K_star=10 M_SM=5
[v10] Iter: 500 / 80000
[v10] Iter: 1000 / 80000
[v10] Iter: 1500 / 80000
[v10] Iter: 2000 / 80000
[v10] Iter: 2500 / 80000
[v10] Iter: 3000 / 80000
[v10] Iter: 3500 / 80000
[v10] Iter: 4000 / 80000
[v10] Iter: 4500 / 80000
[v10] Iter: 5000 / 80000
[v10] Iter: 5500 / 80000
[v10] Iter: 6000 / 80000
[v10] Iter: 6500 / 80000
[v10] Iter: 7000 / 80000
[v10] Iter: 7500 / 80000
[v10] Iter: 8000 / 80000
[v10] Iter: 8500 / 80000
[v10] Iter: 9000 / 80000
[v10] Iter: 9500 / 80000
[v10] Iter: 10000 / 80000
[v10] Iter: 10500 / 80000
[v10] Iter: 11000 / 80000
[v10] Iter: 11500 / 80000
[v10] Iter: 12000 / 80000
[v10] Iter: 12500 / 80000
[v10] Iter: 13000 / 80000
[v10] Iter: 13500 / 80000
[v10] Iter: 14000 / 80000
[v10] Iter: 14500 / 80000
[v10] Iter: 15000 / 80000
[v10] Iter: 15500 / 80000
[v10] Iter: 16000 / 80000
[v10] Iter: 16500 / 80000
[v10] Iter: 17000 / 80000
[v10] Iter: 17500 / 80000
[v10] Iter: 18000 / 80000
[v10] Iter: 18500 / 80000
[v10] Iter: 19000 / 80000
[v10] Iter: 19500 / 80000
[v10] Iter: 20000 / 80000
[v10] Iter: 20500 / 80000
[v10] Iter: 21000 / 80000
[v10] Iter: 21500 / 80000
[v10] Iter: 22000 / 80000
[v10] Iter: 22500 / 80000
[v10] Iter: 23000 / 80000
[v10] Iter: 23500 / 80000
[v10] Iter: 24000 / 80000
[v10] Iter: 24500 / 80000
[v10] Iter: 25000 / 80000
[v10] Iter: 25500 / 80000
[v10] Iter: 26000 / 80000
[v10] Iter: 26500 / 80000
[v10] Iter: 27000 / 80000
[v10] Iter: 27500 / 80000
[v10] Iter: 28000 / 80000
[v10] Iter: 28500 / 80000
[v10] Iter: 29000 / 80000
[v10] Iter: 29500 / 80000
[v10] Iter: 30000 / 80000
[v10] Iter: 30500 / 80000
[v10] Iter: 31000 / 80000
[v10] Iter: 31500 / 80000
[v10] Iter: 32000 / 80000
[v10] Iter: 32500 / 80000
[v10] Iter: 33000 / 80000
[v10] Iter: 33500 / 80000
[v10] Iter: 34000 / 80000
[v10] Iter: 34500 / 80000
[v10] Iter: 35000 / 80000
[v10] Iter: 35500 / 80000
[v10] Iter: 36000 / 80000
[v10] Iter: 36500 / 80000
[v10] Iter: 37000 / 80000
[v10] Iter: 37500 / 80000
[v10] Iter: 38000 / 80000
[v10] Iter: 38500 / 80000
[v10] Iter: 39000 / 80000
[v10] Iter: 39500 / 80000
[v10] Iter: 40000 / 80000
[v10] Iter: 40500 / 80000
[v10] Iter: 41000 / 80000
[v10] Iter: 41500 / 80000
[v10] Iter: 42000 / 80000
[v10] Iter: 42500 / 80000
[v10] Iter: 43000 / 80000
[v10] Iter: 43500 / 80000
[v10] Iter: 44000 / 80000
[v10] Iter: 44500 / 80000
[v10] Iter: 45000 / 80000
[v10] Iter: 45500 / 80000
[v10] Iter: 46000 / 80000
[v10] Iter: 46500 / 80000
[v10] Iter: 47000 / 80000
[v10] Iter: 47500 / 80000
[v10] Iter: 48000 / 80000
[v10] Iter: 48500 / 80000
[v10] Iter: 49000 / 80000
[v10] Iter: 49500 / 80000
[v10] Iter: 50000 / 80000
[v10] Iter: 50500 / 80000
[v10] Iter: 51000 / 80000
[v10] Iter: 51500 / 80000
[v10] Iter: 52000 / 80000
[v10] Iter: 52500 / 80000
[v10] Iter: 53000 / 80000
[v10] Iter: 53500 / 80000
[v10] Iter: 54000 / 80000
[v10] Iter: 54500 / 80000
[v10] Iter: 55000 / 80000
[v10] Iter: 55500 / 80000
[v10] Iter: 56000 / 80000
[v10] Iter: 56500 / 80000
[v10] Iter: 57000 / 80000
[v10] Iter: 57500 / 80000
[v10] Iter: 58000 / 80000
[v10] Iter: 58500 / 80000
[v10] Iter: 59000 / 80000
[v10] Iter: 59500 / 80000
[v10] Iter: 60000 / 80000
[v10] Iter: 60500 / 80000
[v10] Iter: 61000 / 80000
[v10] Iter: 61500 / 80000
[v10] Iter: 62000 / 80000
[v10] Iter: 62500 / 80000
[v10] Iter: 63000 / 80000
[v10] Iter: 63500 / 80000
[v10] Iter: 64000 / 80000
[v10] Iter: 64500 / 80000
[v10] Iter: 65000 / 80000
[v10] Iter: 65500 / 80000
[v10] Iter: 66000 / 80000
[v10] Iter: 66500 / 80000
[v10] Iter: 67000 / 80000
[v10] Iter: 67500 / 80000
[v10] Iter: 68000 / 80000
[v10] Iter: 68500 / 80000
[v10] Iter: 69000 / 80000
[v10] Iter: 69500 / 80000
[v10] Iter: 70000 / 80000
[v10] Iter: 70500 / 80000
[v10] Iter: 71000 / 80000
[v10] Iter: 71500 / 80000
[v10] Iter: 72000 / 80000
[v10] Iter: 72500 / 80000
[v10] Iter: 73000 / 80000
[v10] Iter: 73500 / 80000
[v10] Iter: 74000 / 80000
[v10] Iter: 74500 / 80000
[v10] Iter: 75000 / 80000
[v10] Iter: 75500 / 80000
[v10] Iter: 76000 / 80000
[v10] Iter: 76500 / 80000
[v10] Iter: 77000 / 80000
[v10] Iter: 77500 / 80000
[v10] Iter: 78000 / 80000
[v10] Iter: 78500 / 80000
[v10] Iter: 79000 / 80000
[v10] Iter: 79500 / 80000
[v10] Iter: 80000 / 80000
Performing Procrustes matching (iterative posterior-mean refinement; LSIRM positions only -- FMC parameters
  are invariant under orthogonal+translation alignment)...
  iterative-mean pass 1/3, target shift RMSE = (initial)
  iterative-mean pass 2/3, target shift RMSE = 0.1345
  iterative-mean pass 3/3, target shift RMSE = 0.0003
[v10 split-merge] split: 10490 / 87493 (0.120), merge: 8695 / 287507 (0.030)

-- v10_fmc_r5_K10_e0.05_S0_0.005_nu30_M5 Acceptance --
  alpha1..5 mean : 0.594 / 0.444 / 0.508 / 0.595 / 0.832
  beta1..3 mean  : 0.382 / 0.097 / 0.532
  log_gamma1..5  : 0.273 / 0.215 / 0.219 / 0.309 / 0.845
  a / b1..5 mean : 0.430 / 0.317, 0.247, 0.365, 0.241, NaN
  LSIRM log_kappa per-item mean: 0.355

-- v10_fmc_r5_K10_e0.05_S0_0.005_nu30_M5 Split-merge --
  split: 10490 / 87493  (rate 0.120)
  merge: 8695 / 287507  (rate 0.030)
  net K_+ change (split_acc - merge_acc) = 1795
[1] "/Users/todoo/Desktop/학교/대학원/Research/joint_LSIRM/data/plot/case1_all_v10_fmc_r5_K10_e0.05_S0_0.005_nu30_M5"
null device 
          1 
null device 
          1 
null device 
          1 
null device 
          1 
null device 
          1 
null device 
          1 
null device 
          1 
null device 
          1 
null device 
          1 
null device 
          1 
null device 
          1 

-- v10 alternative partitions (P0 still used downstream) --
  Binder convention: sum_{j<k} |I{c_j=c_k} - C_jk|, range [0, 2278]
                  partition              winner  K  binder  vi_lb eta_sil
             P0_prev_avgcut median-K_+ avg-link  6 599.274 1.9474   0.136
 P1_minBinder_unconstrained                best 25 479.636 2.6869  -0.112
     P3_minBinder_drawsOnly               draws  9 541.166 2.6574   0.052
     P4_minVI_unconstrained                best  3 887.015 1.7743   0.019
 ari_vs_P0
     1.000
     0.385
     0.368
     0.555
null device 
          1 
null device 
          1 
null device 
          1 
null device 
          1 

-- v10 S0 elicitation diagnostic --
  S0 scale used: 0.0050
  prior implied per-dim sd = sqrt(S0/(nu0-r-1)) = 0.0144
  empirical within-cluster sd of eta_pm per dim:
[1] 0.0009 0.0021 0.0019 0.0009 0.0022
  ratio (prior implied / empirical) per dim:
[1] 15.55  6.97  7.41 16.29  6.43
  WARNING: prior >> empirical (ratio > 5). Consider tightening S0:
    suggested S0_scale ~ max(emp_sd)^2 * (nu0-r-1) = 0.0001

-- v10 silhouette diagnostic (eta-based) --
  overall mean = 0.136, median = 0.202, frac<0 = 0.294
  per-cluster:
  cluster sil_width.n sil_width.mean sil_width.median sil_width.min
1       1 11.00000000    -0.04012902      -0.06008048   -0.24258789
2       2 30.00000000     0.02415757       0.14406197   -0.41537843
3       3 18.00000000     0.28671570       0.30044613   -0.10390675
4       4  4.00000000     0.49225865       0.53613869    0.29113086
5       5  4.00000000     0.46067119       0.43816604    0.37347343
6       6  1.00000000     0.00000000       0.00000000    0.00000000

  Items with negative silhouette (20, candidates for re-assignment):
                     item cluster   sil_width neighbor
1                   B4Q3A       1 -0.06008048        5
5                   B4Q3E       2 -0.31621048        5
17                  B4Q3Q       1 -0.14730160        5
19                  B4Q3S       1 -0.11149913        3
20                  B4Q3T       3 -0.10390675        1
22                B4BNE12       2 -0.22671482        5
26      wl_immediate_omit       1 -0.24258789        5
28 wl_immediate_intrusion       2 -0.34335269        5
29        wl_delayed_omit       1 -0.14289849        5
32      catflu_repetition       1 -0.02160357        4
36  sgst_normal_incorrect       2 -0.11687020        5
42                  B4Q1H       2 -0.21413404        5
45                  B4Q1P       1 -0.09807811        5
52                  B4Q1B       2 -0.04494945        3
56                  B4Q1S       2 -0.30184409        5
57                  B4Q1X       2 -0.41537843        5
59                 B4Q1DD       2 -0.24851276        5
62                 B4Q1PP       2 -0.26512846        5
63                 B4Q1RR       2 -0.11227352        5
67                B4Q1BBB       2 -0.21681475        5
null device 
          1 

-- v10 co-clustering quality --
  off-diag mean = 0.230  (uniform-K baseline = 0.283)
  Pr(co > 0.8) = 0.005,  within-pair frac = 0.288,  ratio = 0.018
  Pr(co < 0.2) = 0.521
  Pr(co [0.3,0.7]) = 0.309  (ambiguous zone; >30% = weak)
  -> within-pair ratio is weak

-- v10 PEAR (posterior expected adjusted Rand) --
  n_pairs sampled = 500
  mean PEAR = 0.198, sd = 0.074
  range [0.040, 0.486]
  -> weak (posterior diffuse over partition space)

=== v10 FMC summary ===
  mean(K_+) = 6.07, median(K_+) = 6, sd(K_+) = 1.08
  silhouette (eta-based): mean=0.136, frac<0=0.294
  co-clustering: within-pair ratio=0.018 (weak), ambig=0.309, PEAR=0.198
  split rate = 0.120, merge rate = 0.030

  Final partition (cutree on 1 - PSM, k=6):
final_partition
 1  2  3  4  5  6 
11 30 18  4  4  1 

  Mode-cluster table (subject to label switching):
item_cluster_mode
 1  3  4  5  6  7  8  9 10 
 9 11  7  6  1  9 12  7  6 

-> v10 plots & artifacts saved to: /Users/todoo/Desktop/학교/대학원/Research/joint_LSIRM/data/plot/case1_all_v10_fmc_r5_K10_e0.05_S0_0.005_nu30_M5
[1] 0.27305
[1] 0.2155
[1] 0.2188375
[1] 0.3093125
            [,1]
  [1,] 0.3906500
  [2,] 0.3548750
  [3,] 0.3949875
  [4,] 0.4038750
  [5,] 0.3672750
  [6,] 0.5068000
  [7,] 0.3916375
  [8,] 0.4694875
  [9,] 0.4480250
 [10,] 0.3655375
 [11,] 0.3999000
 [12,] 0.4383500
 [13,] 0.4254500
 [14,] 0.4563000
 [15,] 0.3518000
 [16,] 0.4399750
 [17,] 0.4030625
 [18,] 0.4290125
 [19,] 0.3106500
 [20,] 0.4148250
 [21,] 0.4455125
 [22,] 0.3652375
 [23,] 0.4097625
 [24,] 0.4594500
 [25,] 0.3662375
 [26,] 0.4418625
 [27,] 0.4453000
 [28,] 0.4156500
 [29,] 0.3647375
 [30,] 0.5369000
 [31,] 0.4202625
 [32,] 0.3966875
 [33,] 0.4080000
 [34,] 0.4231375
 [35,] 0.4284500
 [36,] 0.3516750
 [37,] 0.3700625
 [38,] 0.3624125
 [39,] 0.4524375
 [40,] 0.3690625
 [41,] 0.4558250
 [42,] 0.4365500
 [43,] 0.4408375
 [44,] 0.4402000
 [45,] 0.4277500
 [46,] 0.4886625
 [47,] 0.5143875
 [48,] 0.4123125
 [49,] 0.4227500
 [50,] 0.4346625
 [51,] 0.5092500
 [52,] 0.4017000
 [53,] 0.4078000
 [54,] 0.3994250
 [55,] 0.3768625
 [56,] 0.4855375
 [57,] 0.5240000
 [58,] 0.4437000
 [59,] 0.4383375
 [60,] 0.4635500
 [61,] 0.4176625
 [62,] 0.4416625
 [63,] 0.3906625
 [64,] 0.5496125
 [65,] 0.4961250
 [66,] 0.3883375
 [67,] 0.3910500
 [68,] 0.4699750
 [69,] 0.3380125
 [70,] 0.4354250
 [71,] 0.3958125
 [72,] 0.4922000
 [73,] 0.4304625
 [74,] 0.4978000
 [75,] 0.3718375
 [76,] 0.4449250
 [77,] 0.4545875
 [78,] 0.3551375
 [79,] 0.3680500
 [80,] 0.4449000
 [81,] 0.4927250
 [82,] 0.4124125
 [83,] 0.4403500
 [84,] 0.3754500
 [85,] 0.5892625
 [86,] 0.4283875
 [87,] 0.4346375
 [88,] 0.4810375
 [89,] 0.3442875
 [90,] 0.4890375
 [91,] 0.5149875
 [92,] 0.4237750
 [93,] 0.4048000
 [94,] 0.5071125
 [95,] 0.5110000
 [96,] 0.5670125
 [97,] 0.4556750
 [98,] 0.3388250
 [99,] 0.4006500
[100,] 0.3094125
[101,] 0.4491125
[102,] 0.4977375
[103,] 0.4137750
[104,] 0.3945125
[105,] 0.5415000
[106,] 0.4949500
[107,] 0.4797875
[108,] 0.5037000
[109,] 0.4793875
[110,] 0.4973375
[111,] 0.4600750
[112,] 0.3391375
[113,] 0.4500875
[114,] 0.4238250
[115,] 0.3652750
[116,] 0.3629000
[117,] 0.3974500
[118,] 0.3688500
[119,] 0.3677625
[120,] 0.5091125
[121,] 0.3861000
[122,] 0.5899000
[123,] 0.3855125
[124,] 0.3926750
[125,] 0.5537000
[126,] 0.3941750
[127,] 0.4714000
[128,] 0.3355500
[129,] 0.5590875
[130,] 0.4945250
[131,] 0.4567750
[132,] 0.4033750
[133,] 0.4699625
[134,] 0.4305625
[135,] 0.3736500
[136,] 0.4609500
[137,] 0.4593000
[138,] 0.3242000
[139,] 0.3534500
[140,] 0.3664000
[141,] 0.4838375
[142,] 0.4507000
[143,] 0.4470750
[144,] 0.4877375
[145,] 0.4563875
[146,] 0.4042125
[147,] 0.4970500
[148,] 0.4509750
[149,] 0.5256625
[150,] 0.4367125
[151,] 0.4487250
[152,] 0.4068000
[153,] 0.5124750
[154,] 0.4572750
[155,] 0.4715375
[156,] 0.4825625
[157,] 0.5363375
[158,] 0.4628500
[159,] 0.4800750
[160,] 0.4246500
[161,] 0.3999000
[162,] 0.4860625
[163,] 0.3771250
[164,] 0.4549500
[165,] 0.5440125
[166,] 0.4033125
[167,] 0.4218250
[168,] 0.5342125
[169,] 0.4109625
[170,] 0.3310625
[171,] 0.3987875
[172,] 0.3380375
[173,] 0.5597125
[174,] 0.4084750
[175,] 0.4244375
[176,] 0.4638625
[177,] 0.4142125
[178,] 0.4466000
[179,] 0.4327250
[180,] 0.5212875
[181,] 0.3816375
[182,] 0.4132750
[183,] 0.3786875
[184,] 0.4532875
[185,] 0.3439250
[186,] 0.4462750
[187,] 0.4891500
[188,] 0.3543625
[189,] 0.4792375
[190,] 0.3673750
[191,] 0.4483875
[192,] 0.3897625
[193,] 0.4390875
[194,] 0.4738125
[195,] 0.3918750
[196,] 0.3815875
[197,] 0.3680000
[198,] 0.2823125
[199,] 0.4149750
[200,] 0.4431000
[201,] 0.3994125
[202,] 0.3555000
[203,] 0.4067375
[204,] 0.4214000
[205,] 0.4618375
[206,] 0.3404750
[207,] 0.3512875
[208,] 0.3654000
[209,] 0.4052000
[210,] 0.4911625
[211,] 0.4129250
[212,] 0.5520625
[213,] 0.3440625
[214,] 0.4134375
[215,] 0.3806125
[216,] 0.5126375
[217,] 0.3648375
[218,] 0.3140625
[219,] 0.5005500
[220,] 0.3847875
[221,] 0.3565875
           [,1]
 [1,] 0.3089750
 [2,] 0.3314625
 [3,] 0.3167625
 [4,] 0.3059000
 [5,] 0.3066250
 [6,] 0.2855875
 [7,] 0.2938000
 [8,] 0.3535000
 [9,] 0.3226625
[10,] 0.3012000
[11,] 0.3185375
[12,] 0.3285750
[13,] 0.3131000
[14,] 0.2937375
[15,] 0.3041625
[16,] 0.3212000
[17,] 0.4213875
[18,] 0.2916125
[19,] 0.3144375
[20,] 0.3031750
          [,1]
[1,] 0.2647625
[2,] 0.2397125
[3,] 0.2294375
[4,] 0.2554250
[5,] 0.2434125
           [,1]
 [1,] 0.1871000
 [2,] 0.4904875
 [3,] 0.4080375
 [4,] 0.1809750
 [5,] 0.5314125
 [6,] 0.3092500
 [7,] 0.4432125
 [8,] 0.4321250
 [9,] 0.2558500
[10,] 0.4082000
[11,] 0.5340000
[12,] 0.3883375
[13,] 0.2731125
[14,] 0.3836000
[15,] 0.2541750
           [,1]
 [1,] 0.2002625
 [2,] 0.2616625
 [3,] 0.1876750
 [4,] 0.1813250
 [5,] 0.3182125
 [6,] 0.1940625
 [7,] 0.1705750
 [8,] 0.1653125
 [9,] 0.2398125
[10,] 0.1742625
[11,] 0.1767750
[12,] 0.2058000
[13,] 0.2444500
[14,] 0.1961125
[15,] 0.2903750
[16,] 0.2103125
[17,] 0.2923750
[18,] 0.2980625
[19,] 0.3966750
[20,] 0.2094750
[21,] 0.2792875
[22,] 0.4711625
[23,] 0.2515750
[24,] 0.1883750
[25,] 0.3180750
[26,] 0.2376375
[27,] 0.2025500
[28,] 0.1802125
           [,1]      [,2]      [,3]      [,4]
 [1,] 0.3484500 0.3711875 0.4657000 0.8257375
 [2,] 0.3397000 0.3956375 0.5739875 0.8229000
 [3,] 0.4175750 0.3522000 0.4336625 0.7168500
 [4,] 0.3736500 0.3871375 0.4882125 0.7853625
 [5,] 0.3931000 0.5635000 0.5173750 0.5293000
 [6,] 0.3240875 0.3588875 0.4982500 0.6355875
 [7,] 0.3589000 0.3549875 0.4811000 0.7811500
 [8,] 0.3871625 0.3469000 0.4072875 0.6130375
 [9,] 0.3591875 0.4563125 0.6064375 0.7297250
[10,] 0.3461625 0.3506125 0.4156375 0.5601750
[11,] 0.3370375 0.2753375 0.3159250 0.5084250
[12,] 0.3323375 0.3485000 0.4368500 0.5654875
[13,] 0.3290500 0.3557250 0.4585625 0.6528375
[14,] 0.3305000 0.3649750 0.4712500 0.7291500
[15,] 0.3930875 0.4240875 0.4968125 0.7563375
[16,] 0.3019375 0.2964625 0.3744875 0.5519500
[17,] 0.3602000 0.4378500 0.5465875 0.6450500
[18,] 0.3676875 0.4128750 0.5071000 0.7087875
[19,] 0.4420875 0.5905750 0.6326000 0.6684500
[20,] 0.3434125 0.3961250 0.4930750 0.7697000
[21,] 0.3719125 0.4293125 0.5191750 0.6994000
[22,] 0.4652750 0.5363000 0.6445125 0.7870875
[23,] 0.3275625 0.3281250 0.3982875 0.6584375
[24,] 0.3161500 0.3292000 0.4161250 0.6386125
[25,] 0.3741875 0.4586875 0.6447125 0.7990750
[26,] 0.3403625 0.3944375 0.5179250 0.6606500
[27,] 0.3217250 0.3106375 0.3596500 0.5620375
[28,] 0.3112500 0.2977750 0.3730000 0.5384000
